[2026-02-14 05:54:11] [AUTH] Auth attempt by eat@gmail.com: SUCCESS (Login successful)
[2026-02-14 06:14:05] [AUTH] Auth attempt by user@trendify.com: SUCCESS (Login successful)
[2026-02-14 06:14:22] [AUTH] Auth attempt by user@trendify.com: SUCCESS (Login successful)
[2026-02-14 06:14:41] [AUTH] Auth attempt by user@trendify.com: SUCCESS (Login successful)
[2026-02-14 06:15:06] [AUTH] Auth attempt by user@gmail.com: SUCCESS (Registration successful)
[2026-02-14 06:15:16] [AUTH] Auth attempt by user@gmail.com: SUCCESS (Login successful)
[2026-02-14 06:16:01] [AUTH] Auth attempt by user@gmail.com: SUCCESS (Login successful)
[2026-02-14 06:20:03] [AUTH] Auth attempt by user@gmail.com: SUCCESS (Login successful)
[2026-02-14 06:21:36] [AUTH] Auth attempt by user@trendify.com: SUCCESS (Login successful)
[2026-02-14 06:21:52] [AUTH] Auth attempt by user@trendify.com: SUCCESS (Login successful)
[2026-02-14 06:22:34] [AUTH] Auth attempt by user@trendify.com: SUCCESS (Login successful)
[2026-02-14 06:22:36] [AUTH] Auth attempt by user@trendify.com: SUCCESS (Login successful)
[2026-02-14 06:22:49] [AUTH] Auth attempt by superadmin@trendify.com: SUCCESS (Login successful)
[2026-02-14 06:22:55] [SECURITY] SUSPICIOUS: Login rate limit exceeded - IP: ::1
[2026-02-14 06:22:58] [SECURITY] SUSPICIOUS: Login rate limit exceeded - IP: ::1
[2026-02-14 06:23:02] [SECURITY] SUSPICIOUS: Login rate limit exceeded - IP: ::1
[2026-02-14 06:23:05] [SECURITY] SUSPICIOUS: Login rate limit exceeded - IP: ::1
[2026-02-14 06:26:03] [SECURITY] SUSPICIOUS: Login rate limit exceeded - IP: ::1
[2026-02-14 06:26:05] [SECURITY] SUSPICIOUS: Login rate limit exceeded - IP: ::1
[2026-02-14 06:26:16] [SECURITY] SUSPICIOUS: Login rate limit exceeded - IP: ::1
[2026-02-14 06:27:08] [AUTH] Auth attempt by eat@gmail.com: SUCCESS (Login successful)
[2026-02-14 06:27:16] [AUTH] Auth attempt by eat@gmail.com: SUCCESS (Login successful)
[2026-02-14 06:27:29] [AUTH] Auth attempt by eat@gmail.com: SUCCESS (Login successful)
[2026-02-14 06:28:58] [AUTH] Auth attempt by eat@gmail.com: SUCCESS (Login successful)
[2026-02-14 06:30:58] [AUTH] Auth attempt by eat@gmail.com: SUCCESS (Login successful)
[2026-02-14 06:31:09] [AUTH] Auth attempt by eat@gmail.com: SUCCESS (Login successful)
[2026-02-14 06:38:45] [AUTH] Auth attempt by eat@gmail.com: SUCCESS (Login successful)
[2026-02-14 06:38:48] [AUTH] Auth attempt by eat@gmail.com: SUCCESS (Login successful)
[2026-02-14 06:39:08] [AUTH] Auth attempt by thirdpogi60@gmail.com: SUCCESS (Order created: 33)
[2026-02-14 06:39:22] [AUTH] Auth attempt by admin@trendify.com: SUCCESS (Login successful)
[2026-02-14 06:39:39] [AUTH] Auth attempt by user@gmail.com: SUCCESS (Login successful)
[2026-02-14 09:46:01] [AUTH] Auth attempt by superadmin@trendify.com: SUCCESS (Login successful)
[2026-02-14 09:53:55] [AUTH] Auth attempt by user@trendify.com: SUCCESS (Login successful)
[2026-02-14 09:58:36] [AUTH] Auth attempt by a@gmail.com: SUCCESS (Registration successful)
[2026-02-14 09:58:50] [AUTH] Auth attempt by a@gmail.com: SUCCESS (Login successful)
[2026-02-14 10:00:41] [AUTH] Auth attempt by user@trendify.com: SUCCESS (Login successful)
[2026-02-14 10:02:08] [AUTH] Auth attempt by a@gmail.com: SUCCESS (Order created: 34)
[2026-02-14 10:02:30] [AUTH] Auth attempt by thirdpogi60@gmail.com: SUCCESS (Order created: 35)
[2026-02-14 10:03:02] [AUTH] Auth attempt by user@trendify.com: SUCCESS (Login successful)
[2026-02-14 10:03:16] [AUTH] Auth attempt by admin@trendify.com: SUCCESS (Login successful)
[2026-02-14 10:04:37] [AUTH] Auth attempt by superadmin@trendify.com: SUCCESS (Login successful)
[2026-02-14 10:11:03] [AUTH] Auth attempt by ray@yahoo.com: FAILED (Invalid password - 2 attempts left)
[2026-02-14 10:11:07] [AUTH] Auth attempt by ray@yahoo.com: FAILED (Invalid password - 1 attempts left)
[2026-02-14 10:11:09] [AUTH] Auth attempt by ray@yahoo.com: FAILED (Account locked after failed attempts)
[2026-02-14 10:11:34] [AUTH] Auth attempt by ray@yahoo.com: SUCCESS (Login successful)
